<?xml version="1.0" encoding="UTF-8"?>
<testng-results skipped="0" failed="0" total="0" passed="0">
  <reporter-output>
  </reporter-output>
  <suite name="MyFirstMavenClass" duration-ms="3" started-at="2018-04-30T23:03:06Z" finished-at="2018-04-30T23:03:06Z">
    <groups>
    </groups>
    <test name="Command line test" duration-ms="3" started-at="2018-04-30T23:03:06Z" finished-at="2018-04-30T23:03:06Z">
    </test> <!-- Command line test -->
  </suite> <!-- MyFirstMavenClass -->
</testng-results>
